{"D:\\programacao\\CrashCourse\\Crash-Course\\src\\constants\\messages.js": {"path":"D:\\programacao\\CrashCourse\\Crash-Course\\src\\constants\\messages.js","statementMap":{"0":{"start":{"line":1,"column":17},"end":{"line":13,"column":1}},"1":{"start":{"line":15,"column":0},"end":{"line":15,"column":26}}},"fnMap":{},"branchMap":{},"s":{"0":1,"1":1},"f":{},"b":{},"_coverageSchema":"1a1c01bbd47fc00a2c39e90264f33305004495a9","hash":"07bd1099d85a0b055708526315885ce3253e2ab8"}
,"D:\\programacao\\CrashCourse\\Crash-Course\\src\\controllers\\loginController.js": {"path":"D:\\programacao\\CrashCourse\\Crash-Course\\src\\controllers\\loginController.js","statementMap":{"0":{"start":{"line":1,"column":21},"end":{"line":1,"column":56}},"1":{"start":{"line":2,"column":17},"end":{"line":2,"column":49}},"2":{"start":{"line":6,"column":19},"end":{"line":6,"column":59}},"3":{"start":{"line":7,"column":25},"end":{"line":7,"column":31}},"4":{"start":{"line":8,"column":4},"end":{"line":8,"column":90}},"5":{"start":{"line":12,"column":0},"end":{"line":12,"column":39}}},"fnMap":{"0":{"name":"(anonymous_0)","decl":{"start":{"line":5,"column":2},"end":{"line":5,"column":3}},"loc":{"start":{"line":5,"column":40},"end":{"line":9,"column":3}},"line":5}},"branchMap":{},"s":{"0":1,"1":1,"2":15,"3":13,"4":13,"5":1},"f":{"0":15},"b":{},"_coverageSchema":"1a1c01bbd47fc00a2c39e90264f33305004495a9","hash":"52ff97d39f28465b9f63349e949c5a5f703ec586"}
,"D:\\programacao\\CrashCourse\\Crash-Course\\src\\controllers\\userController.js": {"path":"D:\\programacao\\CrashCourse\\Crash-Course\\src\\controllers\\userController.js","statementMap":{"0":{"start":{"line":1,"column":20},"end":{"line":1,"column":54}},"1":{"start":{"line":2,"column":17},"end":{"line":2,"column":49}},"2":{"start":{"line":5,"column":18},"end":{"line":5,"column":43}},"3":{"start":{"line":6,"column":4},"end":{"line":6,"column":44}},"4":{"start":{"line":10,"column":18},"end":{"line":10,"column":68}},"5":{"start":{"line":11,"column":4},"end":{"line":11,"column":44}},"6":{"start":{"line":15,"column":17},"end":{"line":15,"column":48}},"7":{"start":{"line":16,"column":4},"end":{"line":16,"column":43}},"8":{"start":{"line":20,"column":17},"end":{"line":20,"column":49}},"9":{"start":{"line":21,"column":4},"end":{"line":23,"column":65}},"10":{"start":{"line":27,"column":17},"end":{"line":27,"column":50}},"11":{"start":{"line":28,"column":4},"end":{"line":30,"column":65}},"12":{"start":{"line":34,"column":4},"end":{"line":34,"column":38}},"13":{"start":{"line":35,"column":4},"end":{"line":35,"column":84}},"14":{"start":{"line":39,"column":0},"end":{"line":39,"column":38}}},"fnMap":{"0":{"name":"(anonymous_0)","decl":{"start":{"line":4,"column":2},"end":{"line":4,"column":3}},"loc":{"start":{"line":4,"column":33},"end":{"line":7,"column":3}},"line":4},"1":{"name":"(anonymous_1)","decl":{"start":{"line":9,"column":2},"end":{"line":9,"column":3}},"loc":{"start":{"line":9,"column":42},"end":{"line":12,"column":3}},"line":9},"2":{"name":"(anonymous_2)","decl":{"start":{"line":14,"column":2},"end":{"line":14,"column":3}},"loc":{"start":{"line":14,"column":32},"end":{"line":17,"column":3}},"line":14},"3":{"name":"(anonymous_3)","decl":{"start":{"line":19,"column":2},"end":{"line":19,"column":3}},"loc":{"start":{"line":19,"column":33},"end":{"line":24,"column":3}},"line":19},"4":{"name":"(anonymous_4)","decl":{"start":{"line":26,"column":2},"end":{"line":26,"column":3}},"loc":{"start":{"line":26,"column":34},"end":{"line":31,"column":3}},"line":26},"5":{"name":"(anonymous_5)","decl":{"start":{"line":33,"column":2},"end":{"line":33,"column":3}},"loc":{"start":{"line":33,"column":34},"end":{"line":36,"column":3}},"line":33}},"branchMap":{},"s":{"0":1,"1":1,"2":6,"3":6,"4":1,"5":1,"6":2,"7":1,"8":2,"9":1,"10":3,"11":1,"12":2,"13":1,"14":1},"f":{"0":6,"1":1,"2":2,"3":2,"4":3,"5":2},"b":{},"_coverageSchema":"1a1c01bbd47fc00a2c39e90264f33305004495a9","hash":"13550e17a66e75b8131a77cfb09d6a5d1d1e0f01"}
,"D:\\programacao\\CrashCourse\\Crash-Course\\src\\data\\prisma.js": {"path":"D:\\programacao\\CrashCourse\\Crash-Course\\src\\data\\prisma.js","statementMap":{"0":{"start":{"line":1,"column":25},"end":{"line":1,"column":50}},"1":{"start":{"line":2,"column":15},"end":{"line":2,"column":33}},"2":{"start":{"line":4,"column":0},"end":{"line":4,"column":24}}},"fnMap":{},"branchMap":{},"s":{"0":1,"1":1,"2":1},"f":{},"b":{},"_coverageSchema":"1a1c01bbd47fc00a2c39e90264f33305004495a9","hash":"c2ab3d73d19182b541818fcf532a47a5be466507"}
,"D:\\programacao\\CrashCourse\\Crash-Course\\src\\middlewares\\auth.js": {"path":"D:\\programacao\\CrashCourse\\Crash-Course\\src\\middlewares\\auth.js","statementMap":{"0":{"start":{"line":1,"column":12},"end":{"line":1,"column":35}},"1":{"start":{"line":2,"column":20},"end":{"line":2,"column":57}},"2":{"start":{"line":3,"column":17},"end":{"line":3,"column":49}},"3":{"start":{"line":6,"column":28},"end":{"line":6,"column":39}},"4":{"start":{"line":8,"column":2},"end":{"line":10,"column":3}},"5":{"start":{"line":9,"column":4},"end":{"line":9,"column":55}},"6":{"start":{"line":11,"column":16},"end":{"line":11,"column":58}},"7":{"start":{"line":13,"column":2},"end":{"line":20,"column":3}},"8":{"start":{"line":14,"column":17},"end":{"line":14,"column":58}},"9":{"start":{"line":15,"column":19},"end":{"line":15,"column":23}},"10":{"start":{"line":16,"column":4},"end":{"line":16,"column":20}},"11":{"start":{"line":17,"column":4},"end":{"line":17,"column":18}},"12":{"start":{"line":19,"column":4},"end":{"line":19,"column":55}},"13":{"start":{"line":22,"column":0},"end":{"line":22,"column":22}}},"fnMap":{"0":{"name":"auth","decl":{"start":{"line":5,"column":9},"end":{"line":5,"column":13}},"loc":{"start":{"line":5,"column":30},"end":{"line":21,"column":1}},"line":5}},"branchMap":{"0":{"loc":{"start":{"line":8,"column":2},"end":{"line":10,"column":3}},"type":"if","locations":[{"start":{"line":8,"column":2},"end":{"line":10,"column":3}},{"start":{},"end":{}}],"line":8}},"s":{"0":1,"1":1,"2":1,"3":19,"4":19,"5":1,"6":18,"7":18,"8":18,"9":17,"10":17,"11":17,"12":1,"13":1},"f":{"0":19},"b":{"0":[1,18]},"_coverageSchema":"1a1c01bbd47fc00a2c39e90264f33305004495a9","hash":"9b1dedc27190099a06762afb93d42cef4e0aa899"}
,"D:\\programacao\\CrashCourse\\Crash-Course\\src\\middlewares\\customError.js": {"path":"D:\\programacao\\CrashCourse\\Crash-Course\\src\\middlewares\\customError.js","statementMap":{"0":{"start":{"line":3,"column":4},"end":{"line":3,"column":15}},"1":{"start":{"line":4,"column":4},"end":{"line":4,"column":40}},"2":{"start":{"line":5,"column":4},"end":{"line":5,"column":36}},"3":{"start":{"line":9,"column":0},"end":{"line":9,"column":29}}},"fnMap":{"0":{"name":"(anonymous_0)","decl":{"start":{"line":2,"column":2},"end":{"line":2,"column":3}},"loc":{"start":{"line":2,"column":27},"end":{"line":6,"column":3}},"line":2}},"branchMap":{"0":{"loc":{"start":{"line":5,"column":22},"end":{"line":5,"column":35}},"type":"binary-expr","locations":[{"start":{"line":5,"column":22},"end":{"line":5,"column":28}},{"start":{"line":5,"column":32},"end":{"line":5,"column":35}}],"line":5}},"s":{"0":9,"1":9,"2":9,"3":1},"f":{"0":9},"b":{"0":[9,0]},"_coverageSchema":"1a1c01bbd47fc00a2c39e90264f33305004495a9","hash":"f8409c71935df8f250c5ca1232b9d7cc97479772"}
,"D:\\programacao\\CrashCourse\\Crash-Course\\src\\middlewares\\pagination.js": {"path":"D:\\programacao\\CrashCourse\\Crash-Course\\src\\middlewares\\pagination.js","statementMap":{"0":{"start":{"line":1,"column":15},"end":{"line":1,"column":40}},"1":{"start":{"line":2,"column":17},"end":{"line":2,"column":49}},"2":{"start":{"line":3,"column":20},"end":{"line":3,"column":57}},"3":{"start":{"line":6,"column":2},"end":{"line":38,"column":4}},"4":{"start":{"line":7,"column":15},"end":{"line":7,"column":39}},"5":{"start":{"line":8,"column":16},"end":{"line":8,"column":41}},"6":{"start":{"line":10,"column":23},"end":{"line":10,"column":41}},"7":{"start":{"line":11,"column":21},"end":{"line":11,"column":33}},"8":{"start":{"line":13,"column":20},"end":{"line":13,"column":22}},"9":{"start":{"line":15,"column":4},"end":{"line":19,"column":8}},"10":{"start":{"line":16,"column":6},"end":{"line":19,"column":8}},"11":{"start":{"line":21,"column":4},"end":{"line":25,"column":8}},"12":{"start":{"line":22,"column":6},"end":{"line":25,"column":8}},"13":{"start":{"line":26,"column":4},"end":{"line":35,"column":5}},"14":{"start":{"line":27,"column":6},"end":{"line":30,"column":9}},"15":{"start":{"line":32,"column":6},"end":{"line":32,"column":37}},"16":{"start":{"line":34,"column":6},"end":{"line":34,"column":54}},"17":{"start":{"line":37,"column":4},"end":{"line":37,"column":11}},"18":{"start":{"line":41,"column":0},"end":{"line":41,"column":34}}},"fnMap":{"0":{"name":"paginatedResults","decl":{"start":{"line":5,"column":9},"end":{"line":5,"column":25}},"loc":{"start":{"line":5,"column":33},"end":{"line":39,"column":1}},"line":5},"1":{"name":"(anonymous_1)","decl":{"start":{"line":6,"column":9},"end":{"line":6,"column":10}},"loc":{"start":{"line":6,"column":35},"end":{"line":38,"column":3}},"line":6}},"branchMap":{"0":{"loc":{"start":{"line":15,"column":4},"end":{"line":19,"column":8}},"type":"if","locations":[{"start":{"line":15,"column":4},"end":{"line":19,"column":8}},{"start":{},"end":{}}],"line":15},"1":{"loc":{"start":{"line":21,"column":4},"end":{"line":25,"column":8}},"type":"if","locations":[{"start":{"line":21,"column":4},"end":{"line":25,"column":8}},{"start":{},"end":{}}],"line":21}},"s":{"0":1,"1":1,"2":1,"3":1,"4":2,"5":2,"6":2,"7":2,"8":2,"9":2,"10":1,"11":2,"12":1,"13":2,"14":2,"15":1,"16":1,"17":1,"18":1},"f":{"0":1,"1":2},"b":{"0":[1,1],"1":[1,1]},"_coverageSchema":"1a1c01bbd47fc00a2c39e90264f33305004495a9","hash":"bddbfac43d257bed9e03d45dd84fe4bad63bf7b7"}
,"D:\\programacao\\CrashCourse\\Crash-Course\\src\\mock\\authentications.js": {"path":"D:\\programacao\\CrashCourse\\Crash-Course\\src\\mock\\authentications.js","statementMap":{"0":{"start":{"line":1,"column":13},"end":{"line":1,"column":28}},"1":{"start":{"line":2,"column":15},"end":{"line":2,"column":34}},"2":{"start":{"line":3,"column":24},"end":{"line":22,"column":1}},"3":{"start":{"line":24,"column":0},"end":{"line":24,"column":33}}},"fnMap":{},"branchMap":{},"s":{"0":2,"1":2,"2":2,"3":2},"f":{},"b":{},"_coverageSchema":"1a1c01bbd47fc00a2c39e90264f33305004495a9","hash":"ab00ca35c4b5eaaf7e69633fdfdded23755d5257"}
,"D:\\programacao\\CrashCourse\\Crash-Course\\src\\mock\\integrationData.js": {"path":"D:\\programacao\\CrashCourse\\Crash-Course\\src\\mock\\integrationData.js","statementMap":{"0":{"start":{"line":1,"column":13},"end":{"line":1,"column":28}},"1":{"start":{"line":2,"column":13},"end":{"line":11,"column":1}},"2":{"start":{"line":13,"column":19},"end":{"line":21,"column":1}},"3":{"start":{"line":23,"column":14},"end":{"line":26,"column":1}},"4":{"start":{"line":27,"column":18},"end":{"line":30,"column":1}},"5":{"start":{"line":32,"column":22},"end":{"line":35,"column":1}},"6":{"start":{"line":37,"column":0},"end":{"line":37,"column":71}}},"fnMap":{},"branchMap":{},"s":{"0":1,"1":1,"2":1,"3":1,"4":1,"5":1,"6":1},"f":{},"b":{},"_coverageSchema":"1a1c01bbd47fc00a2c39e90264f33305004495a9","hash":"2463a3dc55d0a9aa19687ba9362d3a126a95b35f"}
,"D:\\programacao\\CrashCourse\\Crash-Course\\src\\mock\\users.js": {"path":"D:\\programacao\\CrashCourse\\Crash-Course\\src\\mock\\users.js","statementMap":{"0":{"start":{"line":1,"column":13},"end":{"line":1,"column":28}},"1":{"start":{"line":2,"column":24},"end":{"line":2,"column":52}},"2":{"start":{"line":3,"column":24},"end":{"line":3,"column":62}},"3":{"start":{"line":3,"column":54},"end":{"line":3,"column":61}},"4":{"start":{"line":5,"column":14},"end":{"line":36,"column":1}},"5":{"start":{"line":38,"column":0},"end":{"line":38,"column":23}}},"fnMap":{"0":{"name":"(anonymous_0)","decl":{"start":{"line":3,"column":44},"end":{"line":3,"column":45}},"loc":{"start":{"line":3,"column":54},"end":{"line":3,"column":61}},"line":3}},"branchMap":{},"s":{"0":2,"1":2,"2":2,"3":6,"4":2,"5":2},"f":{"0":6},"b":{},"_coverageSchema":"1a1c01bbd47fc00a2c39e90264f33305004495a9","hash":"25d9a21676d903f1b84ca91358440d7eb2cee0c8"}
,"D:\\programacao\\CrashCourse\\Crash-Course\\src\\repositories\\authenticationRepository.js": {"path":"D:\\programacao\\CrashCourse\\Crash-Course\\src\\repositories\\authenticationRepository.js","statementMap":{"0":{"start":{"line":1,"column":15},"end":{"line":1,"column":40}},"1":{"start":{"line":5,"column":27},"end":{"line":7,"column":6}},"2":{"start":{"line":8,"column":4},"end":{"line":8,"column":26}},"3":{"start":{"line":12,"column":0},"end":{"line":12,"column":48}}},"fnMap":{"0":{"name":"(anonymous_0)","decl":{"start":{"line":4,"column":2},"end":{"line":4,"column":3}},"loc":{"start":{"line":4,"column":21},"end":{"line":9,"column":3}},"line":4}},"branchMap":{},"s":{"0":1,"1":14,"2":14,"3":1},"f":{"0":14},"b":{},"_coverageSchema":"1a1c01bbd47fc00a2c39e90264f33305004495a9","hash":"dd855f0827c8ee8fb09eaf4d2d0fd22db69fa3d7"}
,"D:\\programacao\\CrashCourse\\Crash-Course\\src\\repositories\\fakeUserRepository.js": {"path":"D:\\programacao\\CrashCourse\\Crash-Course\\src\\repositories\\fakeUserRepository.js","statementMap":{"0":{"start":{"line":1,"column":12},"end":{"line":1,"column":36}},"1":{"start":{"line":4,"column":24},"end":{"line":4,"column":29}},"2":{"start":{"line":5,"column":4},"end":{"line":5,"column":23}},"3":{"start":{"line":9,"column":17},"end":{"line":14,"column":5}},"4":{"start":{"line":15,"column":4},"end":{"line":15,"column":21}},"5":{"start":{"line":16,"column":4},"end":{"line":16,"column":16}},"6":{"start":{"line":20,"column":17},"end":{"line":20,"column":53}},"7":{"start":{"line":20,"column":38},"end":{"line":20,"column":52}},"8":{"start":{"line":21,"column":4},"end":{"line":21,"column":16}},"9":{"start":{"line":25,"column":17},"end":{"line":25,"column":59}},"10":{"start":{"line":25,"column":38},"end":{"line":25,"column":58}},"11":{"start":{"line":26,"column":4},"end":{"line":26,"column":16}},"12":{"start":{"line":30,"column":17},"end":{"line":30,"column":53}},"13":{"start":{"line":30,"column":38},"end":{"line":30,"column":52}},"14":{"start":{"line":31,"column":4},"end":{"line":31,"column":16}},"15":{"start":{"line":34,"column":70},"end":{"line":34,"column":81}},"16":{"start":{"line":35,"column":4},"end":{"line":38,"column":7}},"17":{"start":{"line":36,"column":6},"end":{"line":36,"column":82}},"18":{"start":{"line":36,"column":26},"end":{"line":36,"column":82}},"19":{"start":{"line":37,"column":6},"end":{"line":37,"column":18}},"20":{"start":{"line":39,"column":4},"end":{"line":39,"column":41}},"21":{"start":{"line":39,"column":29},"end":{"line":39,"column":39}},"22":{"start":{"line":42,"column":24},"end":{"line":44,"column":6}},"23":{"start":{"line":43,"column":6},"end":{"line":43,"column":28}},"24":{"start":{"line":45,"column":4},"end":{"line":45,"column":33}},"25":{"start":{"line":46,"column":4},"end":{"line":46,"column":17}},"26":{"start":{"line":49,"column":0},"end":{"line":49,"column":42}}},"fnMap":{"0":{"name":"(anonymous_0)","decl":{"start":{"line":3,"column":2},"end":{"line":3,"column":3}},"loc":{"start":{"line":3,"column":16},"end":{"line":6,"column":3}},"line":3},"1":{"name":"(anonymous_1)","decl":{"start":{"line":8,"column":2},"end":{"line":8,"column":3}},"loc":{"start":{"line":8,"column":27},"end":{"line":17,"column":3}},"line":8},"2":{"name":"(anonymous_2)","decl":{"start":{"line":19,"column":2},"end":{"line":19,"column":3}},"loc":{"start":{"line":19,"column":17},"end":{"line":22,"column":3}},"line":19},"3":{"name":"(anonymous_3)","decl":{"start":{"line":20,"column":28},"end":{"line":20,"column":29}},"loc":{"start":{"line":20,"column":38},"end":{"line":20,"column":52}},"line":20},"4":{"name":"(anonymous_4)","decl":{"start":{"line":24,"column":2},"end":{"line":24,"column":3}},"loc":{"start":{"line":24,"column":27},"end":{"line":27,"column":3}},"line":24},"5":{"name":"(anonymous_5)","decl":{"start":{"line":25,"column":28},"end":{"line":25,"column":29}},"loc":{"start":{"line":25,"column":38},"end":{"line":25,"column":58}},"line":25},"6":{"name":"(anonymous_6)","decl":{"start":{"line":29,"column":2},"end":{"line":29,"column":3}},"loc":{"start":{"line":29,"column":21},"end":{"line":32,"column":3}},"line":29},"7":{"name":"(anonymous_7)","decl":{"start":{"line":30,"column":28},"end":{"line":30,"column":29}},"loc":{"start":{"line":30,"column":38},"end":{"line":30,"column":52}},"line":30},"8":{"name":"(anonymous_8)","decl":{"start":{"line":33,"column":2},"end":{"line":33,"column":3}},"loc":{"start":{"line":33,"column":32},"end":{"line":40,"column":3}},"line":33},"9":{"name":"(anonymous_9)","decl":{"start":{"line":35,"column":22},"end":{"line":35,"column":23}},"loc":{"start":{"line":35,"column":32},"end":{"line":38,"column":5}},"line":35},"10":{"name":"(anonymous_10)","decl":{"start":{"line":39,"column":22},"end":{"line":39,"column":23}},"loc":{"start":{"line":39,"column":29},"end":{"line":39,"column":39}},"line":39},"11":{"name":"(anonymous_11)","decl":{"start":{"line":41,"column":2},"end":{"line":41,"column":3}},"loc":{"start":{"line":41,"column":19},"end":{"line":47,"column":3}},"line":41},"12":{"name":"(anonymous_12)","decl":{"start":{"line":42,"column":40},"end":{"line":42,"column":41}},"loc":{"start":{"line":42,"column":50},"end":{"line":44,"column":5}},"line":42}},"branchMap":{"0":{"loc":{"start":{"line":36,"column":6},"end":{"line":36,"column":82}},"type":"if","locations":[{"start":{"line":36,"column":6},"end":{"line":36,"column":82}},{"start":{},"end":{}}],"line":36}},"s":{"0":1,"1":6,"2":6,"3":1,"4":1,"5":1,"6":1,"7":1,"8":1,"9":1,"10":1,"11":1,"12":1,"13":3,"14":1,"15":1,"16":1,"17":3,"18":1,"19":2,"20":1,"21":1,"22":1,"23":1,"24":1,"25":1,"26":1},"f":{"0":6,"1":1,"2":1,"3":1,"4":1,"5":1,"6":1,"7":3,"8":1,"9":3,"10":1,"11":1,"12":1},"b":{"0":[1,2]},"_coverageSchema":"1a1c01bbd47fc00a2c39e90264f33305004495a9","hash":"bc504fbfc7e5a652979ad50f1e9eb5c107c99978"}
,"D:\\programacao\\CrashCourse\\Crash-Course\\src\\repositories\\userRepository.js": {"path":"D:\\programacao\\CrashCourse\\Crash-Course\\src\\repositories\\userRepository.js","statementMap":{"0":{"start":{"line":1,"column":15},"end":{"line":1,"column":40}},"1":{"start":{"line":2,"column":12},"end":{"line":2,"column":35}},"2":{"start":{"line":3,"column":15},"end":{"line":3,"column":34}},"3":{"start":{"line":6,"column":18},"end":{"line":8,"column":6}},"4":{"start":{"line":9,"column":4},"end":{"line":9,"column":17}},"5":{"start":{"line":12,"column":18},"end":{"line":12,"column":46}},"6":{"start":{"line":13,"column":4},"end":{"line":13,"column":17}},"7":{"start":{"line":17,"column":70},"end":{"line":17,"column":77}},"8":{"start":{"line":18,"column":25},"end":{"line":18,"column":54}},"9":{"start":{"line":19,"column":17},"end":{"line":33,"column":6}},"10":{"start":{"line":34,"column":4},"end":{"line":34,"column":16}},"11":{"start":{"line":38,"column":17},"end":{"line":41,"column":6}},"12":{"start":{"line":42,"column":4},"end":{"line":42,"column":16}},"13":{"start":{"line":46,"column":23},"end":{"line":46,"column":73}},"14":{"start":{"line":47,"column":4},"end":{"line":47,"column":22}},"15":{"start":{"line":51,"column":23},"end":{"line":51,"column":70}},"16":{"start":{"line":52,"column":4},"end":{"line":52,"column":22}},"17":{"start":{"line":56,"column":70},"end":{"line":56,"column":77}},"18":{"start":{"line":57,"column":25},"end":{"line":57,"column":54}},"19":{"start":{"line":59,"column":17},"end":{"line":75,"column":6}},"20":{"start":{"line":76,"column":4},"end":{"line":76,"column":16}},"21":{"start":{"line":80,"column":4},"end":{"line":80,"column":48}},"22":{"start":{"line":84,"column":0},"end":{"line":84,"column":38}}},"fnMap":{"0":{"name":"(anonymous_0)","decl":{"start":{"line":5,"column":2},"end":{"line":5,"column":3}},"loc":{"start":{"line":5,"column":29},"end":{"line":10,"column":3}},"line":5},"1":{"name":"(anonymous_1)","decl":{"start":{"line":11,"column":2},"end":{"line":11,"column":3}},"loc":{"start":{"line":11,"column":23},"end":{"line":14,"column":3}},"line":11},"2":{"name":"(anonymous_2)","decl":{"start":{"line":16,"column":2},"end":{"line":16,"column":3}},"loc":{"start":{"line":16,"column":23},"end":{"line":35,"column":3}},"line":16},"3":{"name":"(anonymous_3)","decl":{"start":{"line":37,"column":2},"end":{"line":37,"column":3}},"loc":{"start":{"line":37,"column":17},"end":{"line":43,"column":3}},"line":37},"4":{"name":"(anonymous_4)","decl":{"start":{"line":45,"column":2},"end":{"line":45,"column":3}},"loc":{"start":{"line":45,"column":27},"end":{"line":48,"column":3}},"line":45},"5":{"name":"(anonymous_5)","decl":{"start":{"line":50,"column":2},"end":{"line":50,"column":3}},"loc":{"start":{"line":50,"column":21},"end":{"line":53,"column":3}},"line":50},"6":{"name":"(anonymous_6)","decl":{"start":{"line":55,"column":2},"end":{"line":55,"column":3}},"loc":{"start":{"line":55,"column":28},"end":{"line":77,"column":3}},"line":55},"7":{"name":"(anonymous_7)","decl":{"start":{"line":79,"column":2},"end":{"line":79,"column":3}},"loc":{"start":{"line":79,"column":19},"end":{"line":81,"column":3}},"line":79}},"branchMap":{},"s":{"0":1,"1":1,"2":1,"3":14,"4":14,"5":6,"6":6,"7":2,"8":2,"9":2,"10":1,"11":2,"12":2,"13":17,"14":17,"15":5,"16":5,"17":1,"18":1,"19":1,"20":1,"21":1,"22":1},"f":{"0":14,"1":6,"2":2,"3":2,"4":17,"5":5,"6":1,"7":1},"b":{},"_coverageSchema":"1a1c01bbd47fc00a2c39e90264f33305004495a9","hash":"a9e45625773ba20d8ef3177673b3106a3e086f20"}
,"D:\\programacao\\CrashCourse\\Crash-Course\\src\\routes\\routes.js": {"path":"D:\\programacao\\CrashCourse\\Crash-Course\\src\\routes\\routes.js","statementMap":{"0":{"start":{"line":1,"column":16},"end":{"line":1,"column":34}},"1":{"start":{"line":2,"column":15},"end":{"line":2,"column":31}},"2":{"start":{"line":3,"column":23},"end":{"line":3,"column":63}},"3":{"start":{"line":4,"column":24},"end":{"line":4,"column":65}},"4":{"start":{"line":5,"column":21},"end":{"line":5,"column":51}},"5":{"start":{"line":6,"column":25},"end":{"line":6,"column":61}},"6":{"start":{"line":34,"column":0},"end":{"line":38,"column":3}},"7":{"start":{"line":35,"column":2},"end":{"line":37,"column":5}},"8":{"start":{"line":40,"column":0},"end":{"line":40,"column":51}},"9":{"start":{"line":41,"column":0},"end":{"line":41,"column":25}},"10":{"start":{"line":43,"column":0},"end":{"line":43,"column":43}},"11":{"start":{"line":45,"column":0},"end":{"line":49,"column":2}},"12":{"start":{"line":51,"column":0},"end":{"line":51,"column":46}},"13":{"start":{"line":53,"column":0},"end":{"line":53,"column":44}},"14":{"start":{"line":55,"column":0},"end":{"line":55,"column":48}},"15":{"start":{"line":57,"column":0},"end":{"line":57,"column":51}},"16":{"start":{"line":100,"column":0},"end":{"line":100,"column":24}}},"fnMap":{"0":{"name":"(anonymous_0)","decl":{"start":{"line":34,"column":16},"end":{"line":34,"column":17}},"loc":{"start":{"line":34,"column":39},"end":{"line":38,"column":1}},"line":34}},"branchMap":{},"s":{"0":1,"1":1,"2":1,"3":1,"4":1,"5":1,"6":1,"7":1,"8":1,"9":1,"10":1,"11":1,"12":1,"13":1,"14":1,"15":1,"16":1},"f":{"0":1},"b":{},"_coverageSchema":"1a1c01bbd47fc00a2c39e90264f33305004495a9","hash":"b68c1fc379e36dda5049513d5b6680dd5cca8f12"}
,"D:\\programacao\\CrashCourse\\Crash-Course\\src\\seed\\seed.js": {"path":"D:\\programacao\\CrashCourse\\Crash-Course\\src\\seed\\seed.js","statementMap":{"0":{"start":{"line":1,"column":15},"end":{"line":1,"column":40}},"1":{"start":{"line":2,"column":24},"end":{"line":2,"column":58}},"2":{"start":{"line":3,"column":14},"end":{"line":3,"column":38}},"3":{"start":{"line":7,"column":4},"end":{"line":7,"column":47}},"4":{"start":{"line":8,"column":4},"end":{"line":8,"column":37}},"5":{"start":{"line":10,"column":4},"end":{"line":10,"column":67}},"6":{"start":{"line":11,"column":4},"end":{"line":11,"column":47}},"7":{"start":{"line":16,"column":0},"end":{"line":16,"column":30}}},"fnMap":{"0":{"name":"databaseSeed","decl":{"start":{"line":5,"column":15},"end":{"line":5,"column":27}},"loc":{"start":{"line":5,"column":30},"end":{"line":12,"column":1}},"line":5}},"branchMap":{},"s":{"0":1,"1":1,"2":1,"3":1,"4":1,"5":1,"6":1,"7":1},"f":{"0":1},"b":{},"_coverageSchema":"1a1c01bbd47fc00a2c39e90264f33305004495a9","hash":"c05dc4af4fc3f084afc99aacdcbb701715564eae"}
,"D:\\programacao\\CrashCourse\\Crash-Course\\src\\server\\server.js": {"path":"D:\\programacao\\CrashCourse\\Crash-Course\\src\\server\\server.js","statementMap":{"0":{"start":{"line":1,"column":16},"end":{"line":1,"column":34}},"1":{"start":{"line":3,"column":0},"end":{"line":3,"column":32}},"2":{"start":{"line":5,"column":0},"end":{"line":5,"column":27}},"3":{"start":{"line":7,"column":12},"end":{"line":7,"column":21}},"4":{"start":{"line":9,"column":0},"end":{"line":9,"column":24}},"5":{"start":{"line":10,"column":0},"end":{"line":10,"column":48}},"6":{"start":{"line":12,"column":0},"end":{"line":12,"column":42}},"7":{"start":{"line":14,"column":0},"end":{"line":21,"column":3}},"8":{"start":{"line":15,"column":2},"end":{"line":15,"column":21}},"9":{"start":{"line":16,"column":2},"end":{"line":19,"column":5}},"10":{"start":{"line":20,"column":2},"end":{"line":20,"column":16}},"11":{"start":{"line":23,"column":0},"end":{"line":23,"column":21}}},"fnMap":{"0":{"name":"(anonymous_0)","decl":{"start":{"line":14,"column":8},"end":{"line":14,"column":9}},"loc":{"start":{"line":14,"column":44},"end":{"line":21,"column":1}},"line":14}},"branchMap":{},"s":{"0":1,"1":1,"2":1,"3":1,"4":1,"5":1,"6":1,"7":1,"8":10,"9":10,"10":9,"11":1},"f":{"0":10},"b":{},"_coverageSchema":"1a1c01bbd47fc00a2c39e90264f33305004495a9","hash":"fa0f5d13308b337e4395928627f6c0f47d3867c2"}
,"D:\\programacao\\CrashCourse\\Crash-Course\\src\\services\\loginService.js": {"path":"D:\\programacao\\CrashCourse\\Crash-Course\\src\\services\\loginService.js","statementMap":{"0":{"start":{"line":1,"column":20},"end":{"line":1,"column":57}},"1":{"start":{"line":2,"column":23},"end":{"line":2,"column":64}},"2":{"start":{"line":3,"column":17},"end":{"line":3,"column":49}},"3":{"start":{"line":4,"column":15},"end":{"line":4,"column":34}},"4":{"start":{"line":5,"column":33},"end":{"line":5,"column":84}},"5":{"start":{"line":9,"column":29},"end":{"line":9,"column":41}},"6":{"start":{"line":10,"column":17},"end":{"line":10,"column":56}},"7":{"start":{"line":11,"column":4},"end":{"line":13,"column":5}},"8":{"start":{"line":12,"column":6},"end":{"line":12,"column":60}},"9":{"start":{"line":14,"column":18},"end":{"line":14,"column":64}},"10":{"start":{"line":16,"column":27},"end":{"line":16,"column":89}},"11":{"start":{"line":17,"column":28},"end":{"line":17,"column":83}},"12":{"start":{"line":18,"column":4},"end":{"line":20,"column":5}},"13":{"start":{"line":19,"column":6},"end":{"line":19,"column":60}},"14":{"start":{"line":21,"column":4},"end":{"line":21,"column":26}},"15":{"start":{"line":25,"column":0},"end":{"line":25,"column":36}}},"fnMap":{"0":{"name":"(anonymous_0)","decl":{"start":{"line":8,"column":2},"end":{"line":8,"column":3}},"loc":{"start":{"line":8,"column":30},"end":{"line":22,"column":3}},"line":8}},"branchMap":{"0":{"loc":{"start":{"line":11,"column":4},"end":{"line":13,"column":5}},"type":"if","locations":[{"start":{"line":11,"column":4},"end":{"line":13,"column":5}},{"start":{},"end":{}}],"line":11},"1":{"loc":{"start":{"line":18,"column":4},"end":{"line":20,"column":5}},"type":"if","locations":[{"start":{"line":18,"column":4},"end":{"line":20,"column":5}},{"start":{},"end":{}}],"line":18}},"s":{"0":1,"1":1,"2":1,"3":1,"4":1,"5":15,"6":15,"7":15,"8":1,"9":14,"10":14,"11":14,"12":14,"13":1,"14":13,"15":1},"f":{"0":15},"b":{"0":[1,14],"1":[1,13]},"_coverageSchema":"1a1c01bbd47fc00a2c39e90264f33305004495a9","hash":"23ee56fbb90a60d4ed6593e0f44535f1815d1f47"}
,"D:\\programacao\\CrashCourse\\Crash-Course\\src\\services\\userService.js": {"path":"D:\\programacao\\CrashCourse\\Crash-Course\\src\\services\\userService.js","statementMap":{"0":{"start":{"line":1,"column":23},"end":{"line":1,"column":64}},"1":{"start":{"line":2,"column":20},"end":{"line":2,"column":57}},"2":{"start":{"line":3,"column":17},"end":{"line":3,"column":49}},"3":{"start":{"line":6,"column":18},"end":{"line":6,"column":46}},"4":{"start":{"line":7,"column":4},"end":{"line":7,"column":17}},"5":{"start":{"line":11,"column":18},"end":{"line":11,"column":43}},"6":{"start":{"line":12,"column":4},"end":{"line":12,"column":17}},"7":{"start":{"line":16,"column":19},"end":{"line":16,"column":33}},"8":{"start":{"line":17,"column":17},"end":{"line":17,"column":46}},"9":{"start":{"line":19,"column":4},"end":{"line":19,"column":26}},"10":{"start":{"line":19,"column":14},"end":{"line":19,"column":26}},"11":{"start":{"line":21,"column":4},"end":{"line":21,"column":55}},"12":{"start":{"line":25,"column":17},"end":{"line":25,"column":57}},"13":{"start":{"line":27,"column":4},"end":{"line":27,"column":26}},"14":{"start":{"line":27,"column":14},"end":{"line":27,"column":26}},"15":{"start":{"line":29,"column":4},"end":{"line":29,"column":57}},"16":{"start":{"line":33,"column":19},"end":{"line":33,"column":33}},"17":{"start":{"line":35,"column":23},"end":{"line":35,"column":56}},"18":{"start":{"line":36,"column":4},"end":{"line":36,"column":72}},"19":{"start":{"line":36,"column":21},"end":{"line":36,"column":72}},"20":{"start":{"line":38,"column":27},"end":{"line":38,"column":79}},"21":{"start":{"line":39,"column":4},"end":{"line":40,"column":58}},"22":{"start":{"line":40,"column":6},"end":{"line":40,"column":58}},"23":{"start":{"line":42,"column":17},"end":{"line":42,"column":62}},"24":{"start":{"line":44,"column":4},"end":{"line":44,"column":26}},"25":{"start":{"line":44,"column":14},"end":{"line":44,"column":26}},"26":{"start":{"line":48,"column":19},"end":{"line":48,"column":33}},"27":{"start":{"line":49,"column":28},"end":{"line":49,"column":61}},"28":{"start":{"line":51,"column":4},"end":{"line":53,"column":5}},"29":{"start":{"line":52,"column":6},"end":{"line":52,"column":59}},"30":{"start":{"line":54,"column":4},"end":{"line":54,"column":36}},"31":{"start":{"line":58,"column":0},"end":{"line":58,"column":35}}},"fnMap":{"0":{"name":"(anonymous_0)","decl":{"start":{"line":5,"column":2},"end":{"line":5,"column":3}},"loc":{"start":{"line":5,"column":16},"end":{"line":8,"column":3}},"line":5},"1":{"name":"(anonymous_1)","decl":{"start":{"line":10,"column":2},"end":{"line":10,"column":3}},"loc":{"start":{"line":10,"column":42},"end":{"line":13,"column":3}},"line":10},"2":{"name":"(anonymous_2)","decl":{"start":{"line":15,"column":2},"end":{"line":15,"column":3}},"loc":{"start":{"line":15,"column":22},"end":{"line":22,"column":3}},"line":15},"3":{"name":"(anonymous_3)","decl":{"start":{"line":24,"column":2},"end":{"line":24,"column":3}},"loc":{"start":{"line":24,"column":23},"end":{"line":30,"column":3}},"line":24},"4":{"name":"(anonymous_4)","decl":{"start":{"line":32,"column":2},"end":{"line":32,"column":3}},"loc":{"start":{"line":32,"column":24},"end":{"line":45,"column":3}},"line":32},"5":{"name":"(anonymous_5)","decl":{"start":{"line":47,"column":2},"end":{"line":47,"column":3}},"loc":{"start":{"line":47,"column":24},"end":{"line":55,"column":3}},"line":47}},"branchMap":{"0":{"loc":{"start":{"line":19,"column":4},"end":{"line":19,"column":26}},"type":"if","locations":[{"start":{"line":19,"column":4},"end":{"line":19,"column":26}},{"start":{},"end":{}}],"line":19},"1":{"loc":{"start":{"line":27,"column":4},"end":{"line":27,"column":26}},"type":"if","locations":[{"start":{"line":27,"column":4},"end":{"line":27,"column":26}},{"start":{},"end":{}}],"line":27},"2":{"loc":{"start":{"line":36,"column":4},"end":{"line":36,"column":72}},"type":"if","locations":[{"start":{"line":36,"column":4},"end":{"line":36,"column":72}},{"start":{},"end":{}}],"line":36},"3":{"loc":{"start":{"line":39,"column":4},"end":{"line":40,"column":58}},"type":"if","locations":[{"start":{"line":39,"column":4},"end":{"line":40,"column":58}},{"start":{},"end":{}}],"line":39},"4":{"loc":{"start":{"line":39,"column":8},"end":{"line":39,"column":50}},"type":"binary-expr","locations":[{"start":{"line":39,"column":8},"end":{"line":39,"column":22}},{"start":{"line":39,"column":26},"end":{"line":39,"column":50}}],"line":39},"5":{"loc":{"start":{"line":44,"column":4},"end":{"line":44,"column":26}},"type":"if","locations":[{"start":{"line":44,"column":4},"end":{"line":44,"column":26}},{"start":{},"end":{}}],"line":44},"6":{"loc":{"start":{"line":51,"column":4},"end":{"line":53,"column":5}},"type":"if","locations":[{"start":{"line":51,"column":4},"end":{"line":53,"column":5}},{"start":{},"end":{}}],"line":51}},"s":{"0":1,"1":1,"2":1,"3":6,"4":6,"5":1,"6":1,"7":2,"8":2,"9":2,"10":1,"11":1,"12":2,"13":1,"14":1,"15":0,"16":3,"17":3,"18":3,"19":1,"20":2,"21":2,"22":1,"23":1,"24":1,"25":1,"26":2,"27":2,"28":2,"29":1,"30":1,"31":1},"f":{"0":6,"1":1,"2":2,"3":2,"4":3,"5":2},"b":{"0":[1,1],"1":[1,0],"2":[1,2],"3":[1,1],"4":[2,1],"5":[1,0],"6":[1,1]},"_coverageSchema":"1a1c01bbd47fc00a2c39e90264f33305004495a9","hash":"b9c3d93b5087116c989d569f5ed210a9ca147dc6"}
}
