TN:
SF:src\constants\messages.js
FNF:0
FNH:0
DA:1,1
DA:14,1
LF:2
LH:2
BRF:0
BRH:0
end_of_record
TN:
SF:src\controllers\loginController.js
FN:5,(anonymous_0)
FNF:1
FNH:1
FNDA:10,(anonymous_0)
DA:1,1
DA:2,1
DA:6,10
DA:7,9
DA:8,9
DA:12,1
LF:6
LH:6
BRF:0
BRH:0
end_of_record
TN:
SF:src\controllers\userController.js
FN:4,(anonymous_0)
FN:9,(anonymous_1)
FN:14,(anonymous_2)
FN:19,(anonymous_3)
FN:26,(anonymous_4)
FN:33,(anonymous_5)
FNF:6
FNH:6
FNDA:4,(anonymous_0)
FNDA:1,(anonymous_1)
FNDA:2,(anonymous_2)
FNDA:1,(anonymous_3)
FNDA:1,(anonymous_4)
FNDA:2,(anonymous_5)
DA:1,1
DA:2,1
DA:5,4
DA:6,4
DA:10,1
DA:11,1
DA:15,2
DA:16,1
DA:20,1
DA:21,1
DA:27,1
DA:28,1
DA:34,2
DA:35,1
DA:39,1
LF:15
LH:15
BRF:0
BRH:0
end_of_record
TN:
SF:src\data\prisma.js
FNF:0
FNH:0
DA:1,1
DA:2,1
DA:4,1
LF:3
LH:3
BRF:0
BRH:0
end_of_record
TN:
SF:src\middlewares\auth.js
FN:5,auth
FNF:1
FNH:1
FNDA:11,auth
DA:1,1
DA:2,1
DA:3,1
DA:6,11
DA:8,11
DA:9,0
DA:11,11
DA:13,11
DA:14,11
DA:15,11
DA:16,11
DA:17,11
DA:19,0
DA:22,1
LF:14
LH:12
BRDA:8,0,0,0
BRDA:8,0,1,11
BRF:2
BRH:1
end_of_record
TN:
SF:src\middlewares\customError.js
FN:2,(anonymous_0)
FNF:1
FNH:1
FNDA:3,(anonymous_0)
DA:3,3
DA:4,3
DA:5,3
DA:9,1
LF:4
LH:4
BRDA:5,0,0,3
BRDA:5,0,1,0
BRF:2
BRH:1
end_of_record
TN:
SF:src\middlewares\pagination.js
FN:3,paginatedResults
FN:4,(anonymous_1)
FNF:2
FNH:2
FNDA:1,paginatedResults
FNDA:1,(anonymous_1)
DA:1,1
DA:4,1
DA:5,1
DA:6,1
DA:8,1
DA:9,1
DA:11,1
DA:13,1
DA:14,1
DA:19,1
DA:20,1
DA:24,1
DA:25,1
DA:30,1
DA:32,0
DA:35,1
DA:39,1
LF:17
LH:16
BRDA:13,0,0,1
BRDA:13,0,1,0
BRDA:19,1,0,1
BRDA:19,1,1,0
BRF:4
BRH:2
end_of_record
TN:
SF:src\mock\authentications.js
FNF:0
FNH:0
DA:1,2
DA:2,2
DA:3,2
DA:24,2
LF:4
LH:4
BRF:0
BRH:0
end_of_record
TN:
SF:src\mock\users.js
FN:3,(anonymous_0)
FNF:1
FNH:1
FNDA:6,(anonymous_0)
DA:1,2
DA:2,2
DA:3,6
DA:4,2
DA:37,2
LF:5
LH:5
BRF:0
BRH:0
end_of_record
TN:
SF:src\repositories\authenticationRepository.js
FN:4,(anonymous_0)
FNF:1
FNH:1
FNDA:9,(anonymous_0)
DA:1,1
DA:5,9
DA:8,9
DA:12,1
LF:4
LH:4
BRF:0
BRH:0
end_of_record
TN:
SF:src\repositories\fakeUserRepository.js
FN:3,(anonymous_0)
FN:8,(anonymous_1)
FN:19,(anonymous_2)
FN:20,(anonymous_3)
FN:24,(anonymous_4)
FN:25,(anonymous_5)
FN:29,(anonymous_6)
FN:30,(anonymous_7)
FN:33,(anonymous_8)
FN:35,(anonymous_9)
FN:39,(anonymous_10)
FN:41,(anonymous_11)
FN:42,(anonymous_12)
FNF:13
FNH:13
FNDA:6,(anonymous_0)
FNDA:1,(anonymous_1)
FNDA:1,(anonymous_2)
FNDA:1,(anonymous_3)
FNDA:1,(anonymous_4)
FNDA:1,(anonymous_5)
FNDA:1,(anonymous_6)
FNDA:3,(anonymous_7)
FNDA:1,(anonymous_8)
FNDA:3,(anonymous_9)
FNDA:1,(anonymous_10)
FNDA:1,(anonymous_11)
FNDA:1,(anonymous_12)
DA:1,1
DA:4,6
DA:5,6
DA:9,1
DA:15,1
DA:16,1
DA:20,1
DA:21,1
DA:25,1
DA:26,1
DA:30,3
DA:31,1
DA:34,1
DA:35,1
DA:36,3
DA:37,2
DA:39,1
DA:42,1
DA:43,1
DA:45,1
DA:46,1
DA:49,1
LF:22
LH:22
BRDA:36,0,0,1
BRDA:36,0,1,2
BRF:2
BRH:2
end_of_record
TN:
SF:src\repositories\userRepository.js
FN:5,(anonymous_0)
FN:25,(anonymous_1)
FN:32,(anonymous_2)
FN:37,(anonymous_3)
FN:58,(anonymous_4)
FN:66,(anonymous_5)
FN:71,(anonymous_6)
FN:76,(anonymous_7)
FN:100,(anonymous_8)
FNF:9
FNH:8
FNDA:0,(anonymous_0)
FNDA:9,(anonymous_1)
FNDA:4,(anonymous_2)
FNDA:1,(anonymous_3)
FNDA:2,(anonymous_4)
FNDA:11,(anonymous_5)
FNDA:2,(anonymous_6)
FNDA:1,(anonymous_7)
FNDA:1,(anonymous_8)
DA:1,1
DA:2,1
DA:3,1
DA:6,0
DA:7,0
DA:13,0
DA:19,0
DA:22,0
DA:27,9
DA:30,9
DA:33,4
DA:34,4
DA:38,1
DA:39,1
DA:40,1
DA:55,1
DA:59,2
DA:63,2
DA:67,11
DA:68,11
DA:72,2
DA:73,2
DA:77,1
DA:78,1
DA:80,1
DA:97,1
DA:101,1
DA:106,1
LF:28
LH:23
BRF:0
BRH:0
end_of_record
TN:
SF:src\routes\routes.js
FN:34,(anonymous_0)
FNF:1
FNH:1
FNDA:1,(anonymous_0)
DA:1,1
DA:2,1
DA:3,1
DA:4,1
DA:5,1
DA:6,1
DA:34,1
DA:35,1
DA:40,1
DA:41,1
DA:43,1
DA:45,1
DA:51,1
DA:53,1
DA:55,1
DA:57,1
DA:100,1
LF:17
LH:17
BRF:0
BRH:0
end_of_record
TN:
SF:src\seed\seed.js
FN:5,databaseSeed
FNF:1
FNH:1
FNDA:1,databaseSeed
DA:1,1
DA:2,1
DA:3,1
DA:7,1
DA:8,1
DA:10,1
DA:11,1
DA:16,1
LF:8
LH:8
BRF:0
BRH:0
end_of_record
TN:
SF:src\server\server.js
FN:14,(anonymous_0)
FNF:1
FNH:1
FNDA:3,(anonymous_0)
DA:1,1
DA:3,1
DA:5,1
DA:7,1
DA:9,1
DA:10,1
DA:12,1
DA:14,1
DA:15,3
DA:16,3
DA:20,3
DA:23,1
LF:12
LH:12
BRF:0
BRH:0
end_of_record
TN:
SF:src\services\loginService.js
FN:8,(anonymous_0)
FNF:1
FNH:1
FNDA:10,(anonymous_0)
DA:1,1
DA:2,1
DA:3,1
DA:4,1
DA:5,1
DA:9,10
DA:10,10
DA:11,10
DA:12,1
DA:14,9
DA:16,9
DA:17,9
DA:18,9
DA:19,0
DA:21,9
DA:25,1
LF:16
LH:15
BRDA:11,0,0,1
BRDA:11,0,1,9
BRDA:18,1,0,0
BRDA:18,1,1,9
BRF:4
BRH:3
end_of_record
TN:
SF:src\services\userService.js
FN:5,(anonymous_0)
FN:10,(anonymous_1)
FN:15,(anonymous_2)
FN:24,(anonymous_3)
FN:32,(anonymous_4)
FN:46,(anonymous_5)
FNF:6
FNH:6
FNDA:4,(anonymous_0)
FNDA:1,(anonymous_1)
FNDA:2,(anonymous_2)
FNDA:1,(anonymous_3)
FNDA:1,(anonymous_4)
FNDA:2,(anonymous_5)
DA:1,1
DA:2,1
DA:3,1
DA:6,4
DA:7,4
DA:11,1
DA:12,1
DA:16,2
DA:17,2
DA:19,2
DA:21,1
DA:25,1
DA:27,1
DA:29,0
DA:33,1
DA:34,1
DA:36,1
DA:37,0
DA:39,1
DA:41,1
DA:43,0
DA:47,2
DA:48,2
DA:50,2
DA:52,1
DA:55,1
DA:59,1
LF:27
LH:24
BRDA:19,0,0,1
BRDA:19,0,1,1
BRDA:27,1,0,1
BRDA:27,1,1,0
BRDA:36,2,0,0
BRDA:36,2,1,1
BRDA:36,3,0,1
BRDA:36,3,1,0
BRDA:41,4,0,1
BRDA:41,4,1,0
BRDA:50,5,0,1
BRDA:50,5,1,1
BRF:12
BRH:8
end_of_record
