TN:
SF:src\constants\messages.js
FNF:0
FNH:0
DA:1,1
DA:15,1
LF:2
LH:2
BRF:0
BRH:0
end_of_record
TN:
SF:src\controllers\loginController.js
FN:5,(anonymous_0)
FNF:1
FNH:1
FNDA:15,(anonymous_0)
DA:1,1
DA:2,1
DA:6,15
DA:7,13
DA:8,13
DA:12,1
LF:6
LH:6
BRF:0
BRH:0
end_of_record
TN:
SF:src\controllers\userController.js
FN:4,(anonymous_0)
FN:9,(anonymous_1)
FN:14,(anonymous_2)
FN:19,(anonymous_3)
FN:26,(anonymous_4)
FN:33,(anonymous_5)
FNF:6
FNH:6
FNDA:6,(anonymous_0)
FNDA:1,(anonymous_1)
FNDA:2,(anonymous_2)
FNDA:2,(anonymous_3)
FNDA:3,(anonymous_4)
FNDA:2,(anonymous_5)
DA:1,1
DA:2,1
DA:5,6
DA:6,6
DA:10,1
DA:11,1
DA:15,2
DA:16,1
DA:20,2
DA:21,1
DA:27,3
DA:28,1
DA:34,2
DA:35,1
DA:39,1
LF:15
LH:15
BRF:0
BRH:0
end_of_record
TN:
SF:src\data\prisma.js
FNF:0
FNH:0
DA:1,1
DA:2,1
DA:4,1
LF:3
LH:3
BRF:0
BRH:0
end_of_record
TN:
SF:src\middlewares\auth.js
FN:5,auth
FNF:1
FNH:1
FNDA:19,auth
DA:1,1
DA:2,1
DA:3,1
DA:6,19
DA:8,19
DA:9,1
DA:11,18
DA:13,18
DA:14,18
DA:15,17
DA:16,17
DA:17,17
DA:19,1
DA:22,1
LF:14
LH:14
BRDA:8,0,0,1
BRDA:8,0,1,18
BRF:2
BRH:2
end_of_record
TN:
SF:src\middlewares\customError.js
FN:2,(anonymous_0)
FNF:1
FNH:1
FNDA:9,(anonymous_0)
DA:3,9
DA:4,9
DA:5,9
DA:9,1
LF:4
LH:4
BRDA:5,0,0,9
BRDA:5,0,1,0
BRF:2
BRH:1
end_of_record
TN:
SF:src\middlewares\pagination.js
FN:5,paginatedResults
FN:6,(anonymous_1)
FNF:2
FNH:2
FNDA:1,paginatedResults
FNDA:2,(anonymous_1)
DA:1,1
DA:2,1
DA:3,1
DA:6,1
DA:7,2
DA:8,2
DA:10,2
DA:11,2
DA:13,2
DA:15,2
DA:16,1
DA:21,2
DA:22,1
DA:26,2
DA:27,2
DA:32,1
DA:34,1
DA:37,1
DA:41,1
LF:19
LH:19
BRDA:15,0,0,1
BRDA:15,0,1,1
BRDA:21,1,0,1
BRDA:21,1,1,1
BRF:4
BRH:4
end_of_record
TN:
SF:src\mock\authentications.js
FNF:0
FNH:0
DA:1,2
DA:2,2
DA:3,2
DA:24,2
LF:4
LH:4
BRF:0
BRH:0
end_of_record
TN:
SF:src\mock\integrationData.js
FNF:0
FNH:0
DA:1,1
DA:2,1
DA:13,1
DA:23,1
DA:27,1
DA:32,1
DA:37,1
LF:7
LH:7
BRF:0
BRH:0
end_of_record
TN:
SF:src\mock\users.js
FN:3,(anonymous_0)
FNF:1
FNH:1
FNDA:6,(anonymous_0)
DA:1,2
DA:2,2
DA:3,6
DA:5,2
DA:38,2
LF:5
LH:5
BRF:0
BRH:0
end_of_record
TN:
SF:src\repositories\authenticationRepository.js
FN:4,(anonymous_0)
FNF:1
FNH:1
FNDA:14,(anonymous_0)
DA:1,1
DA:5,14
DA:8,14
DA:12,1
LF:4
LH:4
BRF:0
BRH:0
end_of_record
TN:
SF:src\repositories\fakeUserRepository.js
FN:3,(anonymous_0)
FN:8,(anonymous_1)
FN:19,(anonymous_2)
FN:20,(anonymous_3)
FN:24,(anonymous_4)
FN:25,(anonymous_5)
FN:29,(anonymous_6)
FN:30,(anonymous_7)
FN:33,(anonymous_8)
FN:35,(anonymous_9)
FN:39,(anonymous_10)
FN:41,(anonymous_11)
FN:42,(anonymous_12)
FNF:13
FNH:13
FNDA:6,(anonymous_0)
FNDA:1,(anonymous_1)
FNDA:1,(anonymous_2)
FNDA:1,(anonymous_3)
FNDA:1,(anonymous_4)
FNDA:1,(anonymous_5)
FNDA:1,(anonymous_6)
FNDA:3,(anonymous_7)
FNDA:1,(anonymous_8)
FNDA:3,(anonymous_9)
FNDA:1,(anonymous_10)
FNDA:1,(anonymous_11)
FNDA:1,(anonymous_12)
DA:1,1
DA:4,6
DA:5,6
DA:9,1
DA:15,1
DA:16,1
DA:20,1
DA:21,1
DA:25,1
DA:26,1
DA:30,3
DA:31,1
DA:34,1
DA:35,1
DA:36,3
DA:37,2
DA:39,1
DA:42,1
DA:43,1
DA:45,1
DA:46,1
DA:49,1
LF:22
LH:22
BRDA:36,0,0,1
BRDA:36,0,1,2
BRF:2
BRH:2
end_of_record
TN:
SF:src\repositories\userRepository.js
FN:5,(anonymous_0)
FN:11,(anonymous_1)
FN:16,(anonymous_2)
FN:37,(anonymous_3)
FN:45,(anonymous_4)
FN:50,(anonymous_5)
FN:55,(anonymous_6)
FN:79,(anonymous_7)
FNF:8
FNH:8
FNDA:14,(anonymous_0)
FNDA:6,(anonymous_1)
FNDA:2,(anonymous_2)
FNDA:2,(anonymous_3)
FNDA:17,(anonymous_4)
FNDA:5,(anonymous_5)
FNDA:1,(anonymous_6)
FNDA:1,(anonymous_7)
DA:1,1
DA:2,1
DA:3,1
DA:6,14
DA:9,14
DA:12,6
DA:13,6
DA:17,2
DA:18,2
DA:19,2
DA:34,1
DA:38,2
DA:42,2
DA:46,17
DA:47,17
DA:51,5
DA:52,5
DA:56,1
DA:57,1
DA:59,1
DA:76,1
DA:80,1
DA:84,1
LF:23
LH:23
BRF:0
BRH:0
end_of_record
TN:
SF:src\routes\routes.js
FN:34,(anonymous_0)
FNF:1
FNH:1
FNDA:1,(anonymous_0)
DA:1,1
DA:2,1
DA:3,1
DA:4,1
DA:5,1
DA:6,1
DA:34,1
DA:35,1
DA:40,1
DA:41,1
DA:43,1
DA:45,1
DA:51,1
DA:53,1
DA:55,1
DA:57,1
DA:100,1
LF:17
LH:17
BRF:0
BRH:0
end_of_record
TN:
SF:src\seed\seed.js
FN:5,databaseSeed
FNF:1
FNH:1
FNDA:1,databaseSeed
DA:1,1
DA:2,1
DA:3,1
DA:7,1
DA:8,1
DA:10,1
DA:11,1
DA:16,1
LF:8
LH:8
BRF:0
BRH:0
end_of_record
TN:
SF:src\server\server.js
FN:14,(anonymous_0)
FNF:1
FNH:1
FNDA:10,(anonymous_0)
DA:1,1
DA:3,1
DA:5,1
DA:7,1
DA:9,1
DA:10,1
DA:12,1
DA:14,1
DA:15,10
DA:16,10
DA:20,9
DA:23,1
LF:12
LH:12
BRF:0
BRH:0
end_of_record
TN:
SF:src\services\loginService.js
FN:8,(anonymous_0)
FNF:1
FNH:1
FNDA:15,(anonymous_0)
DA:1,1
DA:2,1
DA:3,1
DA:4,1
DA:5,1
DA:9,15
DA:10,15
DA:11,15
DA:12,1
DA:14,14
DA:16,14
DA:17,14
DA:18,14
DA:19,1
DA:21,13
DA:25,1
LF:16
LH:16
BRDA:11,0,0,1
BRDA:11,0,1,14
BRDA:18,1,0,1
BRDA:18,1,1,13
BRF:4
BRH:4
end_of_record
TN:
SF:src\services\userService.js
FN:5,(anonymous_0)
FN:10,(anonymous_1)
FN:15,(anonymous_2)
FN:24,(anonymous_3)
FN:32,(anonymous_4)
FN:47,(anonymous_5)
FNF:6
FNH:6
FNDA:6,(anonymous_0)
FNDA:1,(anonymous_1)
FNDA:2,(anonymous_2)
FNDA:2,(anonymous_3)
FNDA:3,(anonymous_4)
FNDA:2,(anonymous_5)
DA:1,1
DA:2,1
DA:3,1
DA:6,6
DA:7,6
DA:11,1
DA:12,1
DA:16,2
DA:17,2
DA:19,2
DA:21,1
DA:25,2
DA:27,1
DA:29,0
DA:33,3
DA:35,3
DA:36,3
DA:38,2
DA:39,2
DA:40,1
DA:42,1
DA:44,1
DA:48,2
DA:49,2
DA:51,2
DA:52,1
DA:54,1
DA:58,1
LF:28
LH:27
BRDA:19,0,0,1
BRDA:19,0,1,1
BRDA:27,1,0,1
BRDA:27,1,1,0
BRDA:36,2,0,1
BRDA:36,2,1,2
BRDA:39,3,0,1
BRDA:39,3,1,1
BRDA:39,4,0,2
BRDA:39,4,1,1
BRDA:44,5,0,1
BRDA:44,5,1,0
BRDA:51,6,0,1
BRDA:51,6,1,1
BRF:14
BRH:12
end_of_record
